Added Component: Designator=C1(RAD-0.3)
Added Component: Designator=C2(RAD-0.3)
Added Component: Designator=C3(CAPR5-4X5)
Added Component: Designator=C4(CAPR5-4X5)
Added Component: Designator=C5(RAD-0.3)
Added Component: Designator=C6(CAPR5-4X5)
Added Component: Designator=C7(RAD-0.3)
Added Component: Designator=C8(CAPR5-4X5)
Added Component: Designator=C9(RAD-0.3)
Added Component: Designator=C10(CAPR5-4X5)
Added Component: Designator=C11(RAD-0.3)
Added Component: Designator=C12(RAD-0.3)
Added Component: Designator=C13(RAD-0.3)
Added Component: Designator=C14(RAD-0.3)
Added Component: Designator=C15(RAD-0.3)
Added Component: Designator=C16(RAD-0.3)
Added Component: Designator=C17(RAD-0.3)
Added Component: Designator=C18(RAD-0.3)
Added Component: Designator=C19(RAD-0.3)
Added Component: Designator=C20(CAPR5-4X5)
Added Component: Designator=C21(CAPR5-4X5)
Added Component: Designator=C22(CAPR5-4X5)
Added Component: Designator=C23(RAD-0.3)
Added Component: Designator=P1(HDR1X2)
Added Component: Designator=P2(HDR1X3)
Added Component: Designator=P3(HDR1X2)
Added Component: Designator=P4(HDR1X3)
Added Component: Designator=P5(HDR2X15)
Added Component: Designator=P6(HDR1X3)
Added Component: Designator=P7(HDR1X2)
Added Component: Designator=P8(HDR1X3)
Added Component: Designator=P9(HDR1X3)
Added Component: Designator=P10(HDR1X2)
Added Component: Designator=P11(HDR1X2)
Added Component: Designator=P12(HDR1X3)
Added Component: Designator=P13(HDR1X3)
Added Component: Designator=P14(HDR1X6)
Added Component: Designator=P15(HDR1X3)
Added Component: Designator=P16(HDR1X3)
Added Component: Designator=P17(HDR1X4)
Added Component: Designator=P18(HDR1X4)
Added Component: Designator=P19(HDR1X4)
Added Component: Designator=R1(AXIAL-0.3)
Added Component: Designator=R2(AXIAL-0.3)
Added Component: Designator=R3(AXIAL-0.3)
Added Component: Designator=R4(AXIAL-0.3)
Added Component: Designator=R5(AXIAL-0.3)
Added Component: Designator=R6(AXIAL-0.3)
Added Component: Designator=R7(AXIAL-0.3)
Added Component: Designator=R8(AXIAL-0.3)
Added Component: Designator=R9(AXIAL-0.3)
Added Component: Designator=R10(AXIAL-0.3)
Added Component: Designator=R11(AXIAL-0.3)
Added Component: Designator=R12(AXIAL-0.3)
Added Component: Designator=R13(AXIAL-0.3)
Added Component: Designator=R14(AXIAL-0.3)
Added Component: Designator=R15(AXIAL-0.3)
Added Component: Designator=R16(AXIAL-0.3)
Added Component: Designator=R17(AXIAL-0.3)
Added Component: Designator=R18(AXIAL-0.3)
Added Component: Designator=R19(AXIAL-0.3)
Added Component: Designator=R20(AXIAL-0.3)
Added Component: Designator=R21(AXIAL-0.3)
Added Component: Designator=R22(AXIAL-0.3)
Added Component: Designator=R23(AXIAL-0.3)
Added Component: Designator=R24(AXIAL-0.3)
Added Component: Designator=R25(AXIAL-0.3)
Added Component: Designator=R26(AXIAL-0.3)
Added Component: Designator=R27(AXIAL-0.3)
Added Component: Designator=S1(SPST-2)
Added Component: Designator=S?(TL36WW15050)
Added Component: Designator=U4(SPDIP300-SP28)
Added Pin To Net: NetName=1.8V Pin=P5-29
Added Pin To Net: NetName=1.8V Pin=R4-1
Added Pin To Net: NetName=1.8V Pin=R6-1
Added Net: Name=1.8V
Added Pin To Net: NetName=5V_MOTEURS Pin=C6-2
Added Pin To Net: NetName=5V_MOTEURS Pin=C7-1
Added Pin To Net: NetName=5V_MOTEURS Pin=C8-2
Added Pin To Net: NetName=5V_MOTEURS Pin=C9-1
Added Pin To Net: NetName=5V_MOTEURS Pin=C10-2
Added Pin To Net: NetName=5V_MOTEURS Pin=C11-1
Added Pin To Net: NetName=5V_MOTEURS Pin=P8-2
Added Pin To Net: NetName=5V_MOTEURS Pin=P13-2
Added Pin To Net: NetName=5V_MOTEURS Pin=P16-2
Added Pin To Net: NetName=5V_MOTEURS Pin=S?-1
Added Net: Name=5V_MOTEURS
Added Pin To Net: NetName=5V_ODROID Pin=P5-1
Added Pin To Net: NetName=5V_ODROID Pin=P14-2
Added Pin To Net: NetName=5V_ODROID Pin=R5-1
Added Pin To Net: NetName=5V_ODROID Pin=R7-1
Added Pin To Net: NetName=5V_ODROID Pin=S?-3
Added Net: Name=5V_ODROID
Added Pin To Net: NetName=5V_SWITCH Pin=P4-1
Added Pin To Net: NetName=5V_SWITCH Pin=P9-1
Added Pin To Net: NetName=5V_SWITCH Pin=P12-1
Added Pin To Net: NetName=5V_SWITCH Pin=P15-1
Added Pin To Net: NetName=5V_SWITCH Pin=R8-1
Added Pin To Net: NetName=5V_SWITCH Pin=R22-2
Added Pin To Net: NetName=5V_SWITCH Pin=R24-1
Added Pin To Net: NetName=5V_SWITCH Pin=R25-1
Added Pin To Net: NetName=5V_SWITCH Pin=R26-1
Added Pin To Net: NetName=5V_SWITCH Pin=R27-1
Added Pin To Net: NetName=5V_SWITCH Pin=S?-2
Added Pin To Net: NetName=5V_SWITCH Pin=U4-13
Added Pin To Net: NetName=5V_SWITCH Pin=U4-28
Added Net: Name=5V_SWITCH
Added Pin To Net: NetName=12V Pin=C2-1
Added Pin To Net: NetName=12V Pin=C3-2
Added Pin To Net: NetName=12V Pin=C20-2
Added Pin To Net: NetName=12V Pin=C21-2
Added Net: Name=12V
Added Net: Name=EN_MOTOR
Added Pin To Net: NetName=GND Pin=C1-2
Added Pin To Net: NetName=GND Pin=C2-2
Added Pin To Net: NetName=GND Pin=C3-1
Added Pin To Net: NetName=GND Pin=C4-1
Added Pin To Net: NetName=GND Pin=C5-2
Added Pin To Net: NetName=GND Pin=C6-1
Added Pin To Net: NetName=GND Pin=C7-2
Added Pin To Net: NetName=GND Pin=C8-1
Added Pin To Net: NetName=GND Pin=C9-2
Added Pin To Net: NetName=GND Pin=C10-1
Added Pin To Net: NetName=GND Pin=C11-2
Added Pin To Net: NetName=GND Pin=C12-2
Added Pin To Net: NetName=GND Pin=C13-2
Added Pin To Net: NetName=GND Pin=C14-1
Added Pin To Net: NetName=GND Pin=C15-1
Added Pin To Net: NetName=GND Pin=C16-2
Added Pin To Net: NetName=GND Pin=C17-2
Added Pin To Net: NetName=GND Pin=C20-1
Added Pin To Net: NetName=GND Pin=C21-1
Added Pin To Net: NetName=GND Pin=C22-1
Added Pin To Net: NetName=GND Pin=C23-2
Added Pin To Net: NetName=GND Pin=P1-1
Added Pin To Net: NetName=GND Pin=P2-3
Added Pin To Net: NetName=GND Pin=P3-1
Added Pin To Net: NetName=GND Pin=P4-3
Added Pin To Net: NetName=GND Pin=P5-2
Added Pin To Net: NetName=GND Pin=P5-28
Added Pin To Net: NetName=GND Pin=P5-30
Added Pin To Net: NetName=GND Pin=P6-1
Added Pin To Net: NetName=GND Pin=P7-1
Added Pin To Net: NetName=GND Pin=P8-3
Added Pin To Net: NetName=GND Pin=P9-3
Added Pin To Net: NetName=GND Pin=P10-1
Added Pin To Net: NetName=GND Pin=P11-1
Added Pin To Net: NetName=GND Pin=P12-3
Added Pin To Net: NetName=GND Pin=P13-3
Added Pin To Net: NetName=GND Pin=P14-3
Added Pin To Net: NetName=GND Pin=P15-3
Added Pin To Net: NetName=GND Pin=P16-3
Added Pin To Net: NetName=GND Pin=R1-1
Added Pin To Net: NetName=GND Pin=R2-2
Added Pin To Net: NetName=GND Pin=R3-2
Added Pin To Net: NetName=GND Pin=R9-2
Added Pin To Net: NetName=GND Pin=R14-1
Added Pin To Net: NetName=GND Pin=R15-1
Added Pin To Net: NetName=GND Pin=R16-2
Added Pin To Net: NetName=GND Pin=R17-2
Added Pin To Net: NetName=GND Pin=R18-2
Added Pin To Net: NetName=GND Pin=R19-2
Added Pin To Net: NetName=GND Pin=R20-1
Added Pin To Net: NetName=GND Pin=R21-1
Added Pin To Net: NetName=GND Pin=U4-8
Added Pin To Net: NetName=GND Pin=U4-19
Added Pin To Net: NetName=GND Pin=U4-27
Added Net: Name=GND
Added Net: Name=MD1_X
Added Net: Name=MD1_Z
Added Net: Name=MD2_X
Added Net: Name=MD2_Z
Added Pin To Net: NetName=NetC1_1 Pin=C1-1
Added Pin To Net: NetName=NetC1_1 Pin=P1-2
Added Net: Name=NetC1_1
Added Pin To Net: NetName=NetC12_1 Pin=C12-1
Added Pin To Net: NetName=NetC12_1 Pin=R12-1
Added Pin To Net: NetName=NetC12_1 Pin=R13-1
Added Net: Name=NetC12_1
Added Pin To Net: NetName=NetC13_1 Pin=C13-1
Added Pin To Net: NetName=NetC13_1 Pin=R10-1
Added Pin To Net: NetName=NetC13_1 Pin=R11-1
Added Net: Name=NetC13_1
Added Pin To Net: NetName=NetC14_2 Pin=C14-2
Added Net: Name=NetC14_2
Added Pin To Net: NetName=NetC15_2 Pin=C15-2
Added Net: Name=NetC15_2
Added Pin To Net: NetName=NetC16_1 Pin=C16-1
Added Net: Name=NetC16_1
Added Pin To Net: NetName=NetC17_1 Pin=C17-1
Added Net: Name=NetC17_1
Added Pin To Net: NetName=NetC18_1 Pin=C18-1
Added Net: Name=NetC18_1
Added Pin To Net: NetName=NetC18_2 Pin=C18-2
Added Net: Name=NetC18_2
Added Pin To Net: NetName=NetC19_1 Pin=C19-1
Added Net: Name=NetC19_1
Added Pin To Net: NetName=NetC19_2 Pin=C19-2
Added Net: Name=NetC19_2
Added Pin To Net: NetName=NetC22_2 Pin=C22-2
Added Pin To Net: NetName=NetC22_2 Pin=U4-20
Added Net: Name=NetC22_2
Added Pin To Net: NetName=NetC23_1 Pin=C23-1
Added Pin To Net: NetName=NetC23_1 Pin=S1-1
Added Net: Name=NetC23_1
Added Pin To Net: NetName=NetD1_2 Pin=R2-1
Added Net: Name=NetD1_2
Added Pin To Net: NetName=NetD2_2 Pin=R3-1
Added Net: Name=NetD2_2
Added Pin To Net: NetName=NetD3_1 Pin=R12-2
Added Net: Name=NetD3_1
Added Pin To Net: NetName=NetD3_2 Pin=R16-1
Added Net: Name=NetD3_2
Added Pin To Net: NetName=NetD4_1 Pin=R10-2
Added Net: Name=NetD4_1
Added Pin To Net: NetName=NetD4_2 Pin=R18-1
Added Net: Name=NetD4_2
Added Pin To Net: NetName=NetD5_1 Pin=R13-2
Added Net: Name=NetD5_1
Added Pin To Net: NetName=NetD5_2 Pin=R17-1
Added Net: Name=NetD5_2
Added Pin To Net: NetName=NetD6_1 Pin=R11-2
Added Net: Name=NetD6_1
Added Pin To Net: NetName=NetD6_2 Pin=R19-1
Added Net: Name=NetD6_2
Added Pin To Net: NetName=NetJ1_3 Pin=P17-1
Added Net: Name=NetJ1_3
Added Pin To Net: NetName=NetJ1_6 Pin=R20-2
Added Net: Name=NetJ1_6
Added Pin To Net: NetName=NetJ1_7 Pin=P17-3
Added Net: Name=NetJ1_7
Added Pin To Net: NetName=NetJ1_8 Pin=P17-2
Added Net: Name=NetJ1_8
Added Pin To Net: NetName=NetJ1_9 Pin=R14-2
Added Net: Name=NetJ1_9
Added Pin To Net: NetName=NetJ1_12 Pin=P17-4
Added Net: Name=NetJ1_12
Added Pin To Net: NetName=NetJ1_14 Pin=R8-2
Added Pin To Net: NetName=NetJ1_14 Pin=R9-1
Added Net: Name=NetJ1_14
Added Pin To Net: NetName=NetJ1_18 Pin=U4-9
Added Net: Name=NetJ1_18
Added Pin To Net: NetName=NetJ1_19 Pin=U4-10
Added Net: Name=NetJ1_19
Added Pin To Net: NetName=NetJ1_24 Pin=P12-2
Added Net: Name=NetJ1_24
Added Pin To Net: NetName=NetJ1_25 Pin=P15-2
Added Net: Name=NetJ1_25
Added Pin To Net: NetName=NetJ2_3 Pin=P18-1
Added Pin To Net: NetName=NetJ2_3 Pin=P19-4
Added Net: Name=NetJ2_3
Added Pin To Net: NetName=NetJ2_6 Pin=R21-2
Added Net: Name=NetJ2_6
Added Pin To Net: NetName=NetJ2_7 Pin=P18-3
Added Pin To Net: NetName=NetJ2_7 Pin=P19-2
Added Net: Name=NetJ2_7
Added Pin To Net: NetName=NetJ2_8 Pin=P18-2
Added Pin To Net: NetName=NetJ2_8 Pin=P19-3
Added Net: Name=NetJ2_8
Added Pin To Net: NetName=NetJ2_9 Pin=R15-2
Added Net: Name=NetJ2_9
Added Pin To Net: NetName=NetJ2_12 Pin=P18-4
Added Pin To Net: NetName=NetJ2_12 Pin=P19-1
Added Net: Name=NetJ2_12
Added Pin To Net: NetName=NetJ2_18 Pin=U4-2
Added Net: Name=NetJ2_18
Added Pin To Net: NetName=NetJ2_19 Pin=U4-3
Added Net: Name=NetJ2_19
Added Pin To Net: NetName=NetJ2_24 Pin=P4-2
Added Net: Name=NetJ2_24
Added Pin To Net: NetName=NetJ2_25 Pin=P9-2
Added Net: Name=NetJ2_25
Added Pin To Net: NetName=NetP2_1 Pin=P2-1
Added Pin To Net: NetName=NetP2_1 Pin=U4-18
Added Net: Name=NetP2_1
Added Pin To Net: NetName=NetP3_2 Pin=P3-2
Added Pin To Net: NetName=NetP3_2 Pin=R24-2
Added Pin To Net: NetName=NetP3_2 Pin=U4-16
Added Net: Name=NetP3_2
Added Pin To Net: NetName=NetP6_2 Pin=P6-2
Added Pin To Net: NetName=NetP6_2 Pin=U4-7
Added Net: Name=NetP6_2
Added Pin To Net: NetName=NetP6_3 Pin=P6-3
Added Pin To Net: NetName=NetP6_3 Pin=U4-11
Added Net: Name=NetP6_3
Added Pin To Net: NetName=NetP7_2 Pin=P7-2
Added Pin To Net: NetName=NetP7_2 Pin=R25-2
Added Pin To Net: NetName=NetP7_2 Pin=U4-17
Added Net: Name=NetP7_2
Added Pin To Net: NetName=NetP8_1 Pin=P8-1
Added Pin To Net: NetName=NetP8_1 Pin=U4-22
Added Net: Name=NetP8_1
Added Pin To Net: NetName=NetP10_2 Pin=P10-2
Added Pin To Net: NetName=NetP10_2 Pin=R26-2
Added Pin To Net: NetName=NetP10_2 Pin=U4-21
Added Net: Name=NetP10_2
Added Pin To Net: NetName=NetP11_2 Pin=P11-2
Added Pin To Net: NetName=NetP11_2 Pin=R27-2
Added Pin To Net: NetName=NetP11_2 Pin=U4-23
Added Net: Name=NetP11_2
Added Pin To Net: NetName=NetP13_1 Pin=P13-1
Added Pin To Net: NetName=NetP13_1 Pin=U4-24
Added Net: Name=NetP13_1
Added Pin To Net: NetName=NetP14_1 Pin=P14-1
Added Pin To Net: NetName=NetP14_1 Pin=R23-2
Added Pin To Net: NetName=NetP14_1 Pin=U4-1
Added Net: Name=NetP14_1
Added Pin To Net: NetName=NetP14_4 Pin=P14-4
Added Pin To Net: NetName=NetP14_4 Pin=U4-4
Added Net: Name=NetP14_4
Added Pin To Net: NetName=NetP14_5 Pin=P14-5
Added Pin To Net: NetName=NetP14_5 Pin=U4-5
Added Net: Name=NetP14_5
Added Pin To Net: NetName=NetP16_1 Pin=P16-1
Added Pin To Net: NetName=NetP16_1 Pin=U4-26
Added Net: Name=NetP16_1
Added Pin To Net: NetName=NetQ1_1 Pin=R5-2
Added Pin To Net: NetName=NetQ1_1 Pin=U4-15
Added Net: Name=NetQ1_1
Added Pin To Net: NetName=NetQ2_1 Pin=R7-2
Added Pin To Net: NetName=NetQ2_1 Pin=U4-6
Added Net: Name=NetQ2_1
Added Pin To Net: NetName=NetR1_2 Pin=R1-2
Added Net: Name=NetR1_2
Added Pin To Net: NetName=NetR22_1 Pin=R22-1
Added Pin To Net: NetName=NetR22_1 Pin=R23-1
Added Pin To Net: NetName=NetR22_1 Pin=S1-2
Added Net: Name=NetR22_1
Added Pin To Net: NetName=NetU3_11 Pin=U4-25
Added Net: Name=NetU3_11
Added Pin To Net: NetName=NetU3_12 Pin=U4-12
Added Net: Name=NetU3_12
Added Pin To Net: NetName=NetU3_14 Pin=U4-14
Added Net: Name=NetU3_14
Added Pin To Net: NetName=UART1_RX Pin=P5-6
Added Pin To Net: NetName=UART1_RX Pin=R6-2
Added Net: Name=UART1_RX
Added Pin To Net: NetName=UART1_TX Pin=P5-8
Added Pin To Net: NetName=UART1_TX Pin=R4-2
Added Net: Name=UART1_TX
Added Pin To Net: NetName=V? Pin=C4-2
Added Pin To Net: NetName=V? Pin=C5-1
Added Pin To Net: NetName=V? Pin=P2-2
Added Net: Name=V?
Added Class: Name=Alimentations
Added Class: Name=Connecteurs
Added Class: Name=Controle Moteurs
Added Class: Name=Microcontroleur
Added Room: Name=Alimentations
Added Room: Name=Connecteurs
Added Room: Name=Controle Moteurs
Added Room: Name=Microcontroleur
