Removed Pin From Net: NetName=5V_SWITCH Pin=R24-1
Removed Pin From Net: NetName=NetP3_2 Pin=R24-2
Removed Pin From Net: NetName=5V_SWITCH Pin=R25-1
Removed Pin From Net: NetName=NetP6_2 Pin=R25-2
Removed Pin From Net: NetName=5V_SWITCH Pin=R26-1
Removed Pin From Net: NetName=NetP9_2 Pin=R26-2
Removed Pin From Net: NetName=NetP11_2 Pin=R27-2
Removed Pin From Net: NetName=NetP2_1 Pin=U3-3
Removed Pin From Net: NetName=GND Pin=U3-6
Removed Pin From Net: NetName=NetC22_2 Pin=U3-7
Removed Pin From Net: NetName=NetP8_1 Pin=U3-9
Removed Pin From Net: NetName=NetP13_1 Pin=U3-11
Removed Pin From Net: NetName=NetP5_2 Pin=U3-12
Removed Pin From Net: NetName=NetU2_11 Pin=U3-14
Removed Pin From Net: NetName=NetP16_1 Pin=U3-15
Removed Pin From Net: NetName=GND Pin=U3-16
Removed Pin From Net: NetName=5V_SWITCH Pin=U3-17
Removed Pin From Net: NetName=NetP14_1 Pin=U3-18
Removed Pin From Net: NetName=NetJ6_18 Pin=U3-19
Removed Pin From Net: NetName=NetJ6_19 Pin=U3-20
Removed Pin From Net: NetName=NetP14_4 Pin=U3-21
Removed Pin From Net: NetName=NetP14_5 Pin=U3-22
Removed Pin From Net: NetName=5V_SWITCH Pin=U3-28
Removed Pin From Net: NetName=GND Pin=U3-29
Removed Pin From Net: NetName=NetJ5_18 Pin=U3-30
Removed Pin From Net: NetName=NetJ5_19 Pin=U3-31
Removed Pin From Net: NetName=NetU2_12 Pin=U3-34
Removed Pin From Net: NetName=NetQ2_1 Pin=U3-35
Removed Pin From Net: NetName=GND Pin=U3-39
Removed Pin From Net: NetName=5V_SWITCH Pin=U3-40
Removed Pin From Net: NetName=NetP3_2 Pin=U3-43
Removed Pin From Net: NetName=NetP6_2 Pin=U3-44
Removed Member From Class: ClassName=Alimentations Member=J5
Removed Member From Class: ClassName=Alimentations Member=J6
Removed Member From Class: ClassName=Microcontroleur Member=R24
Removed Member From Class: ClassName=Microcontroleur Member=R25
Removed Member From Class: ClassName=Microcontroleur Member=R26
Removed Member From Class: ClassName=Alimentations Member=U2
Removed Member From Class: ClassName=Microcontroleur Member=U2
Change Component Designator: OldDesignator=R22 NewDesignator=R25
Change Component Designator: OldDesignator=R23 NewDesignator=R26
Added Component: Designator=R28(0805)
Added Component: Designator=R29(0805)
Added Component: Designator=R30(0805)
Added Component: Designator=U?(SOIC-SO28_N)
Added Pin To Net: NetName=NetP3_2 Pin=R27-2
Added Pin To Net: NetName=5V_SWITCH Pin=R28-1
Added Pin To Net: NetName=NetP6_2 Pin=R28-2
Added Pin To Net: NetName=5V_SWITCH Pin=R29-1
Added Pin To Net: NetName=NetP9_2 Pin=R29-2
Added Pin To Net: NetName=5V_SWITCH Pin=R30-1
Added Pin To Net: NetName=NetP11_2 Pin=R30-2
Added Pin To Net: NetName=NetP14_1 Pin=U?-1
Added Pin To Net: NetName=NetJ6_18 Pin=U?-2
Added Pin To Net: NetName=NetJ6_19 Pin=U?-3
Added Pin To Net: NetName=NetP14_4 Pin=U?-4
Added Pin To Net: NetName=NetP14_5 Pin=U?-5
Added Pin To Net: NetName=NetQ2_1 Pin=U?-6
Added Pin To Net: NetName=NetP5_2 Pin=U?-7
Added Pin To Net: NetName=GND Pin=U?-8
Added Pin To Net: NetName=NetJ5_18 Pin=U?-9
Added Pin To Net: NetName=NetJ5_19 Pin=U?-10
Added Pin To Net: NetName=NetU2_12 Pin=U?-12
Added Pin To Net: NetName=5V_SWITCH Pin=U?-13
Added Pin To Net: NetName=NetQ1_1 Pin=U?-15
Added Pin To Net: NetName=NetP3_2 Pin=U?-16
Added Pin To Net: NetName=NetP6_2 Pin=U?-17
Added Pin To Net: NetName=NetP2_1 Pin=U?-18
Added Pin To Net: NetName=GND Pin=U?-19
Added Pin To Net: NetName=NetC22_2 Pin=U?-20
Added Pin To Net: NetName=NetP9_2 Pin=U?-21
Added Pin To Net: NetName=NetP8_1 Pin=U?-22
Added Pin To Net: NetName=NetP11_2 Pin=U?-23
Added Pin To Net: NetName=NetP13_1 Pin=U?-24
Added Pin To Net: NetName=NetU2_11 Pin=U?-25
Added Pin To Net: NetName=NetP16_1 Pin=U?-26
Added Pin To Net: NetName=GND Pin=U?-27
Added Pin To Net: NetName=5V_SWITCH Pin=U?-28
Change Net Name : Old Net Name=NetR22_1 New Net Name=NetR25_1
Added Pin To Net: NetName=NetP5_3 Pin=P5-3
Added Pin To Net: NetName=NetP5_3 Pin=U?-11
Added Net: Name=NetP5_3
Added Pin To Net: NetName=NetU2_14 Pin=U2-14
Added Pin To Net: NetName=NetU2_14 Pin=U?-14
Added Net: Name=NetU2_14
Added Member To Class: ClassName=Alimentations Member=Component J1 Socket
Added Member To Class: ClassName=Alimentations Member=Component J2 Socket
Added Member To Class: ClassName=Microcontroleur Member=Component R28 Res1
Added Member To Class: ClassName=Microcontroleur Member=Component R29 Res1
Added Member To Class: ClassName=Microcontroleur Member=Component R30 Res1
Added Member To Class: ClassName=Microcontroleur Member=Component U? DSPIC33FJ128MC802T-I/SO
Added Room: Name=Alimentations
Added Room: Name=Connecteurs
Added Room: Name=Controle Moteurs
Added Room: Name=Microcontroleur
