Added Component: Designator=C1(0805)
Added Component: Designator=C2(0805)
Added Component: Designator=C3(CAPR5-4X5)
Added Component: Designator=C4(CAPR5-4X5)
Added Component: Designator=C5(0805)
Added Component: Designator=C6(CAPR5-4X5)
Added Component: Designator=C7(0805)
Added Component: Designator=C8(CAPR5-4X5)
Added Component: Designator=C9(0805)
Added Component: Designator=C10(CAPR5-4X5)
Added Component: Designator=C11(0805)
Added Component: Designator=C12(0805)
Added Component: Designator=C13(0805)
Added Component: Designator=C14(0805)
Added Component: Designator=C15(0805)
Added Component: Designator=C16(0805)
Added Component: Designator=C17(0805)
Added Component: Designator=C18(0805)
Added Component: Designator=C19(0805)
Added Component: Designator=C20(CAPR5-4X5)
Added Component: Designator=C21(CAPR5-4X5)
Added Component: Designator=C22(CAPR5-4X5)
Added Component: Designator=C23(0805)
Added Component: Designator=D1(C0805)
Added Component: Designator=D2(C0805)
Added Component: Designator=D3(C0805)
Added Component: Designator=D4(C0805)
Added Component: Designator=D5(C0805)
Added Component: Designator=D6(C0805)
Added Component: Designator=J1(DIP-28/P1.78)
Added Component: Designator=J2(DIP-28/P1.78)
Added Component: Designator=P1(HDR1X2)
Added Component: Designator=P2(HDR1X3)
Added Component: Designator=P3(HDR1X2)
Added Component: Designator=P4(HDR1X3)
Added Component: Designator=P5(HDR1X3)
Added Component: Designator=P6(HDR1X2)
Added Component: Designator=P7(HDR1X3)
Added Component: Designator=P8(HDR1X3)
Added Component: Designator=P9(HDR1X2)
Added Component: Designator=P10(HDR2X15)
Added Component: Designator=P11(HDR1X2)
Added Component: Designator=P12(HDR1X3)
Added Component: Designator=P13(HDR1X3)
Added Component: Designator=P14(HDR1X6)
Added Component: Designator=P15(HDR1X3)
Added Component: Designator=P16(HDR1X3)
Added Component: Designator=P17(HDR1X4)
Added Component: Designator=P18(HDR1X4)
Added Component: Designator=P19(HDR1X3)
Added Component: Designator=P20(HDR1X4)
Added Component: Designator=Q1(SOT23-3_N)
Added Component: Designator=Q2(SOT23-3_N)
Added Component: Designator=R1(0805)
Added Component: Designator=R2(0805)
Added Component: Designator=R3(0805)
Added Component: Designator=R4(0805)
Added Component: Designator=R5(0805)
Added Component: Designator=R6(0805)
Added Component: Designator=R7(0805)
Added Component: Designator=R8(0805)
Added Component: Designator=R9(0805)
Added Component: Designator=R10(0805)
Added Component: Designator=R11(0805)
Added Component: Designator=R12(0805)
Added Component: Designator=R13(0805)
Added Component: Designator=R14(0805)
Added Component: Designator=R15(0805)
Added Component: Designator=R16(0805)
Added Component: Designator=R17(0805)
Added Component: Designator=R18(0805)
Added Component: Designator=R19(0805)
Added Component: Designator=R20(0805)
Added Component: Designator=R21(0805)
Added Component: Designator=R22(0805)
Added Component: Designator=R23(0805)
Added Component: Designator=R24(0805)
Added Component: Designator=R25(0805)
Added Component: Designator=R26(0805)
Added Component: Designator=R27(0805)
Added Component: Designator=S1(SPST-2)
Added Component: Designator=U1(PTN78020WAH)
Added Component: Designator=U3(SOIC-SO16_M)
Added Component: Designator=U4(TQFP-PT44_N)
Added Pin To Net: NetName=NetC1_1 Pin=C1-1
Added Pin To Net: NetName=GND Pin=C1-2
Added Pin To Net: NetName=12V Pin=C2-1
Added Pin To Net: NetName=GND Pin=C2-2
Added Pin To Net: NetName=GND Pin=C3-1
Added Pin To Net: NetName=12V Pin=C3-2
Added Pin To Net: NetName=GND Pin=C4-1
Added Pin To Net: NetName=V? Pin=C4-2
Added Pin To Net: NetName=V? Pin=C5-1
Added Pin To Net: NetName=GND Pin=C5-2
Added Pin To Net: NetName=GND Pin=C6-1
Added Pin To Net: NetName=5V_MOTEURS Pin=C6-2
Added Pin To Net: NetName=5V_MOTEURS Pin=C7-1
Added Pin To Net: NetName=GND Pin=C7-2
Added Pin To Net: NetName=GND Pin=C8-1
Added Pin To Net: NetName=5V_MOTEURS Pin=C8-2
Added Pin To Net: NetName=5V_MOTEURS Pin=C9-1
Added Pin To Net: NetName=GND Pin=C9-2
Added Pin To Net: NetName=GND Pin=C10-1
Added Pin To Net: NetName=5V_MOTEURS Pin=C10-2
Added Pin To Net: NetName=5V_MOTEURS Pin=C11-1
Added Pin To Net: NetName=GND Pin=C11-2
Added Pin To Net: NetName=NetC12_1 Pin=C12-1
Added Pin To Net: NetName=GND Pin=C12-2
Added Pin To Net: NetName=NetC13_1 Pin=C13-1
Added Pin To Net: NetName=GND Pin=C13-2
Added Pin To Net: NetName=GND Pin=C14-1
Added Pin To Net: NetName=NetC14_2 Pin=C14-2
Added Pin To Net: NetName=GND Pin=C15-1
Added Pin To Net: NetName=NetC15_2 Pin=C15-2
Added Pin To Net: NetName=NetC16_1 Pin=C16-1
Added Pin To Net: NetName=GND Pin=C16-2
Added Pin To Net: NetName=NetC17_1 Pin=C17-1
Added Pin To Net: NetName=GND Pin=C17-2
Added Pin To Net: NetName=NetC18_1 Pin=C18-1
Added Pin To Net: NetName=NetC18_2 Pin=C18-2
Added Pin To Net: NetName=NetC19_1 Pin=C19-1
Added Pin To Net: NetName=NetC19_2 Pin=C19-2
Added Pin To Net: NetName=GND Pin=C20-1
Added Pin To Net: NetName=12V Pin=C20-2
Added Pin To Net: NetName=GND Pin=C21-1
Added Pin To Net: NetName=12V Pin=C21-2
Added Pin To Net: NetName=GND Pin=C22-1
Added Pin To Net: NetName=NetC22_2 Pin=C22-2
Added Pin To Net: NetName=NetC23_1 Pin=C23-1
Added Pin To Net: NetName=GND Pin=C23-2
Added Pin To Net: NetName=12V Pin=D1-1
Added Pin To Net: NetName=NetD1_2 Pin=D1-2
Added Pin To Net: NetName=5V_MOTEURS Pin=D2-1
Added Pin To Net: NetName=NetD2_2 Pin=D2-2
Added Pin To Net: NetName=NetD3_1 Pin=D3-1
Added Pin To Net: NetName=NetD3_2 Pin=D3-2
Added Pin To Net: NetName=NetD4_1 Pin=D4-1
Added Pin To Net: NetName=NetD4_2 Pin=D4-2
Added Pin To Net: NetName=NetD5_1 Pin=D5-1
Added Pin To Net: NetName=NetD5_2 Pin=D5-2
Added Pin To Net: NetName=NetD6_1 Pin=D6-1
Added Pin To Net: NetName=NetD6_2 Pin=D6-2
Added Pin To Net: NetName=12V Pin=J1-1
Added Pin To Net: NetName=NetC14_2 Pin=J1-2
Added Pin To Net: NetName=NetJ1_3 Pin=J1-3
Added Pin To Net: NetName=GND Pin=J1-4
Added Pin To Net: NetName=12V Pin=J1-5
Added Pin To Net: NetName=NetJ1_6 Pin=J1-6
Added Pin To Net: NetName=NetJ1_7 Pin=J1-7
Added Pin To Net: NetName=NetJ1_8 Pin=J1-8
Added Pin To Net: NetName=NetJ1_9 Pin=J1-9
Added Pin To Net: NetName=12V Pin=J1-10
Added Pin To Net: NetName=GND Pin=J1-11
Added Pin To Net: NetName=NetJ1_12 Pin=J1-12
Added Pin To Net: NetName=GND Pin=J1-13
Added Pin To Net: NetName=NetJ1_14 Pin=J1-14
Added Pin To Net: NetName=EN_MOTOR Pin=J1-15
Added Pin To Net: NetName=MD1_Z Pin=J1-16
Added Pin To Net: NetName=MD2_Z Pin=J1-17
Added Pin To Net: NetName=NetJ1_18 Pin=J1-18
Added Pin To Net: NetName=NetJ1_19 Pin=J1-19
Added Pin To Net: NetName=GND Pin=J1-20
Added Pin To Net: NetName=NetD5_1 Pin=J1-21
Added Pin To Net: NetName=NetC17_1 Pin=J1-22
Added Pin To Net: NetName=NetD3_1 Pin=J1-23
Added Pin To Net: NetName=NetJ1_24 Pin=J1-24
Added Pin To Net: NetName=NetJ1_25 Pin=J1-25
Added Pin To Net: NetName=NetC12_1 Pin=J1-26
Added Pin To Net: NetName=NetC19_1 Pin=J1-27
Added Pin To Net: NetName=NetC19_2 Pin=J1-28
Added Pin To Net: NetName=12V Pin=J2-1
Added Pin To Net: NetName=NetC15_2 Pin=J2-2
Added Pin To Net: NetName=NetJ2_3 Pin=J2-3
Added Pin To Net: NetName=GND Pin=J2-4
Added Pin To Net: NetName=12V Pin=J2-5
Added Pin To Net: NetName=NetJ2_6 Pin=J2-6
Added Pin To Net: NetName=NetJ2_7 Pin=J2-7
Added Pin To Net: NetName=NetJ2_8 Pin=J2-8
Added Pin To Net: NetName=NetJ2_9 Pin=J2-9
Added Pin To Net: NetName=12V Pin=J2-10
Added Pin To Net: NetName=GND Pin=J2-11
Added Pin To Net: NetName=NetJ2_12 Pin=J2-12
Added Pin To Net: NetName=GND Pin=J2-13
Added Pin To Net: NetName=NetJ1_14 Pin=J2-14
Added Pin To Net: NetName=EN_MOTOR Pin=J2-15
Added Pin To Net: NetName=MD1_X Pin=J2-16
Added Pin To Net: NetName=MD2_X Pin=J2-17
Added Pin To Net: NetName=NetJ2_18 Pin=J2-18
Added Pin To Net: NetName=NetJ2_19 Pin=J2-19
Added Pin To Net: NetName=GND Pin=J2-20
Added Pin To Net: NetName=NetD6_1 Pin=J2-21
Added Pin To Net: NetName=NetC16_1 Pin=J2-22
Added Pin To Net: NetName=NetD4_1 Pin=J2-23
Added Pin To Net: NetName=NetJ2_24 Pin=J2-24
Added Pin To Net: NetName=NetJ2_25 Pin=J2-25
Added Pin To Net: NetName=NetC13_1 Pin=J2-26
Added Pin To Net: NetName=NetC18_1 Pin=J2-27
Added Pin To Net: NetName=NetC18_2 Pin=J2-28
Added Pin To Net: NetName=GND Pin=P1-1
Added Pin To Net: NetName=NetC1_1 Pin=P1-2
Added Pin To Net: NetName=NetP2_1 Pin=P2-1
Added Pin To Net: NetName=V? Pin=P2-2
Added Pin To Net: NetName=GND Pin=P2-3
Added Pin To Net: NetName=GND Pin=P3-1
Added Pin To Net: NetName=NetP3_2 Pin=P3-2
Added Pin To Net: NetName=5V_SWITCH Pin=P4-1
Added Pin To Net: NetName=NetJ2_24 Pin=P4-2
Added Pin To Net: NetName=GND Pin=P4-3
Added Pin To Net: NetName=GND Pin=P5-1
Added Pin To Net: NetName=NetP5_2 Pin=P5-2
Added Pin To Net: NetName=A CHANGER DANS LE CODE - POSITION Pin=P5-3
Added Pin To Net: NetName=GND Pin=P6-1
Added Pin To Net: NetName=NetP6_2 Pin=P6-2
Added Pin To Net: NetName=5V_SWITCH Pin=P7-1
Added Pin To Net: NetName=NetJ2_25 Pin=P7-2
Added Pin To Net: NetName=GND Pin=P7-3
Added Pin To Net: NetName=NetP8_1 Pin=P8-1
Added Pin To Net: NetName=5V_MOTEURS Pin=P8-2
Added Pin To Net: NetName=GND Pin=P8-3
Added Pin To Net: NetName=GND Pin=P9-1
Added Pin To Net: NetName=NetP9_2 Pin=P9-2
Added Pin To Net: NetName=5V_ODROID Pin=P10-1
Added Pin To Net: NetName=GND Pin=P10-2
Added Pin To Net: NetName=UART1_RX Pin=P10-6
Added Pin To Net: NetName=UART1_TX Pin=P10-8
Added Pin To Net: NetName=GND Pin=P10-28
Added Pin To Net: NetName=1.8V Pin=P10-29
Added Pin To Net: NetName=GND Pin=P10-30
Added Pin To Net: NetName=GND Pin=P11-1
Added Pin To Net: NetName=NetP11_2 Pin=P11-2
Added Pin To Net: NetName=5V_SWITCH Pin=P12-1
Added Pin To Net: NetName=NetJ1_24 Pin=P12-2
Added Pin To Net: NetName=GND Pin=P12-3
Added Pin To Net: NetName=NetP13_1 Pin=P13-1
Added Pin To Net: NetName=5V_MOTEURS Pin=P13-2
Added Pin To Net: NetName=GND Pin=P13-3
Added Pin To Net: NetName=NetP14_1 Pin=P14-1
Added Pin To Net: NetName=5V_ODROID Pin=P14-2
Added Pin To Net: NetName=GND Pin=P14-3
Added Pin To Net: NetName=NetP14_4 Pin=P14-4
Added Pin To Net: NetName=NetP14_5 Pin=P14-5
Added Pin To Net: NetName=5V_SWITCH Pin=P15-1
Added Pin To Net: NetName=NetJ1_25 Pin=P15-2
Added Pin To Net: NetName=GND Pin=P15-3
Added Pin To Net: NetName=NetP16_1 Pin=P16-1
Added Pin To Net: NetName=5V_MOTEURS Pin=P16-2
Added Pin To Net: NetName=GND Pin=P16-3
Added Pin To Net: NetName=NetJ1_3 Pin=P17-1
Added Pin To Net: NetName=NetJ1_8 Pin=P17-2
Added Pin To Net: NetName=NetJ1_7 Pin=P17-3
Added Pin To Net: NetName=NetJ1_12 Pin=P17-4
Added Pin To Net: NetName=NetJ2_3 Pin=P18-1
Added Pin To Net: NetName=NetJ2_8 Pin=P18-2
Added Pin To Net: NetName=NetJ2_7 Pin=P18-3
Added Pin To Net: NetName=NetJ2_12 Pin=P18-4
Added Pin To Net: NetName=5V_MOTEURS Pin=P19-1
Added Pin To Net: NetName=5V_SWITCH Pin=P19-2
Added Pin To Net: NetName=5V_ODROID Pin=P19-3
Added Pin To Net: NetName=NetJ2_12 Pin=P20-1
Added Pin To Net: NetName=NetJ2_7 Pin=P20-2
Added Pin To Net: NetName=NetJ2_8 Pin=P20-3
Added Pin To Net: NetName=NetJ2_3 Pin=P20-4
Added Pin To Net: NetName=NetQ1_1 Pin=Q1-1
Added Pin To Net: NetName=1.8V Pin=Q1-2
Added Pin To Net: NetName=UART1_TX Pin=Q1-3
Added Pin To Net: NetName=NetQ2_1 Pin=Q2-1
Added Pin To Net: NetName=1.8V Pin=Q2-2
Added Pin To Net: NetName=UART1_RX Pin=Q2-3
Added Pin To Net: NetName=GND Pin=R1-1
Added Pin To Net: NetName=NetR1_2 Pin=R1-2
Added Pin To Net: NetName=NetD1_2 Pin=R2-1
Added Pin To Net: NetName=GND Pin=R2-2
Added Pin To Net: NetName=NetD2_2 Pin=R3-1
Added Pin To Net: NetName=GND Pin=R3-2
Added Pin To Net: NetName=1.8V Pin=R4-1
Added Pin To Net: NetName=UART1_TX Pin=R4-2
Added Pin To Net: NetName=5V_ODROID Pin=R5-1
Added Pin To Net: NetName=NetQ1_1 Pin=R5-2
Added Pin To Net: NetName=1.8V Pin=R6-1
Added Pin To Net: NetName=UART1_RX Pin=R6-2
Added Pin To Net: NetName=5V_ODROID Pin=R7-1
Added Pin To Net: NetName=NetQ2_1 Pin=R7-2
Added Pin To Net: NetName=5V_SWITCH Pin=R8-1
Added Pin To Net: NetName=NetJ1_14 Pin=R8-2
Added Pin To Net: NetName=NetJ1_14 Pin=R9-1
Added Pin To Net: NetName=GND Pin=R9-2
Added Pin To Net: NetName=NetC13_1 Pin=R10-1
Added Pin To Net: NetName=NetD4_1 Pin=R10-2
Added Pin To Net: NetName=NetC13_1 Pin=R11-1
Added Pin To Net: NetName=NetD6_1 Pin=R11-2
Added Pin To Net: NetName=NetC12_1 Pin=R12-1
Added Pin To Net: NetName=NetD3_1 Pin=R12-2
Added Pin To Net: NetName=NetC12_1 Pin=R13-1
Added Pin To Net: NetName=NetD5_1 Pin=R13-2
Added Pin To Net: NetName=GND Pin=R14-1
Added Pin To Net: NetName=NetJ1_9 Pin=R14-2
Added Pin To Net: NetName=GND Pin=R15-1
Added Pin To Net: NetName=NetJ2_9 Pin=R15-2
Added Pin To Net: NetName=NetD3_2 Pin=R16-1
Added Pin To Net: NetName=GND Pin=R16-2
Added Pin To Net: NetName=NetD5_2 Pin=R17-1
Added Pin To Net: NetName=GND Pin=R17-2
Added Pin To Net: NetName=NetD4_2 Pin=R18-1
Added Pin To Net: NetName=GND Pin=R18-2
Added Pin To Net: NetName=NetD6_2 Pin=R19-1
Added Pin To Net: NetName=GND Pin=R19-2
Added Pin To Net: NetName=GND Pin=R20-1
Added Pin To Net: NetName=NetJ1_6 Pin=R20-2
Added Pin To Net: NetName=GND Pin=R21-1
Added Pin To Net: NetName=NetJ2_6 Pin=R21-2
Added Pin To Net: NetName=NetR22_1 Pin=R22-1
Added Pin To Net: NetName=5V_SWITCH Pin=R22-2
Added Pin To Net: NetName=NetR22_1 Pin=R23-1
Added Pin To Net: NetName=NetP14_1 Pin=R23-2
Added Pin To Net: NetName=5V_SWITCH Pin=R24-1
Added Pin To Net: NetName=NetP3_2 Pin=R24-2
Added Pin To Net: NetName=5V_SWITCH Pin=R25-1
Added Pin To Net: NetName=NetP6_2 Pin=R25-2
Added Pin To Net: NetName=5V_SWITCH Pin=R26-1
Added Pin To Net: NetName=NetP9_2 Pin=R26-2
Added Pin To Net: NetName=5V_SWITCH Pin=R27-1
Added Pin To Net: NetName=NetP11_2 Pin=R27-2
Added Pin To Net: NetName=NetC23_1 Pin=S1-1
Added Pin To Net: NetName=NetR22_1 Pin=S1-2
Added Pin To Net: NetName=GND Pin=U1-1
Added Pin To Net: NetName=NetC1_1 Pin=U1-2
Added Pin To Net: NetName=NetR1_2 Pin=U1-4
Added Pin To Net: NetName=12V Pin=U1-5
Added Pin To Net: NetName=12V Pin=U1-6
Added Pin To Net: NetName=GND Pin=U1-7
Added Pin To Net: NetName=MD2_X Pin=U3-1
Added Pin To Net: NetName=MD1_Z Pin=U3-2
Added Pin To Net: NetName=MD2_Z Pin=U3-3
Added Pin To Net: NetName=EN_MOTOR Pin=U3-4
Added Pin To Net: NetName=GND Pin=U3-8
Added Pin To Net: NetName=5V_ODROID Pin=U3-10
Added Pin To Net: NetName=NetU3_11 Pin=U3-11
Added Pin To Net: NetName=NetU3_12 Pin=U3-12
Added Pin To Net: NetName=GND Pin=U3-13
Added Pin To Net: NetName=A CHANGER DANS LE CODE - POSITION Pin=U3-14
Added Pin To Net: NetName=MD1_X Pin=U3-15
Added Pin To Net: NetName=5V_SWITCH Pin=U3-16
Added Pin To Net: NetName=NetP2_1 Pin=U4-3
Added Pin To Net: NetName=GND Pin=U4-6
Added Pin To Net: NetName=NetC22_2 Pin=U4-7
Added Pin To Net: NetName=NetP8_1 Pin=U4-9
Added Pin To Net: NetName=NetP13_1 Pin=U4-11
Added Pin To Net: NetName=NetP5_2 Pin=U4-12
Added Pin To Net: NetName=A CHANGER DANS LE CODE - POSITION Pin=U4-13
Added Pin To Net: NetName=NetU3_11 Pin=U4-14
Added Pin To Net: NetName=NetP16_1 Pin=U4-15
Added Pin To Net: NetName=GND Pin=U4-16
Added Pin To Net: NetName=5V_SWITCH Pin=U4-17
Added Pin To Net: NetName=NetP14_1 Pin=U4-18
Added Pin To Net: NetName=NetJ2_18 Pin=U4-19
Added Pin To Net: NetName=NetJ2_19 Pin=U4-20
Added Pin To Net: NetName=NetP14_4 Pin=U4-21
Added Pin To Net: NetName=NetP14_5 Pin=U4-22
Added Pin To Net: NetName=5V_SWITCH Pin=U4-28
Added Pin To Net: NetName=GND Pin=U4-29
Added Pin To Net: NetName=NetJ1_18 Pin=U4-30
Added Pin To Net: NetName=NetJ1_19 Pin=U4-31
Added Pin To Net: NetName=A CHANGER DANS LE CODE - POSITION Pin=U4-32
Added Pin To Net: NetName=NetU3_12 Pin=U4-34
Added Pin To Net: NetName=NetQ2_1 Pin=U4-35
Added Pin To Net: NetName=GND Pin=U4-39
Added Pin To Net: NetName=5V_SWITCH Pin=U4-40
Added Pin To Net: NetName=NetP3_2 Pin=U4-43
Added Pin To Net: NetName=NetP6_2 Pin=U4-44
Added Member To Class: ClassName=Alimentations Member=Component C1 Cap
Added Member To Class: ClassName=Alimentations Member=Component C2 Cap
Added Member To Class: ClassName=Alimentations Member=Component C3 Cap2
Added Member To Class: ClassName=Connecteurs Member=Component C4 Cap2
Added Member To Class: ClassName=Connecteurs Member=Component C5 Cap
Added Member To Class: ClassName=Connecteurs Member=Component C6 Cap2
Added Member To Class: ClassName=Connecteurs Member=Component C7 Cap
Added Member To Class: ClassName=Connecteurs Member=Component C8 Cap2
Added Member To Class: ClassName=Connecteurs Member=Component C9 Cap
Added Member To Class: ClassName=Connecteurs Member=Component C10 Cap2
Added Member To Class: ClassName=Connecteurs Member=Component C11 Cap
Added Member To Class: ClassName=Controle Moteurs Member=Component C12 Cap
Added Member To Class: ClassName=Controle Moteurs Member=Component C13 Cap
Added Member To Class: ClassName=Controle Moteurs Member=Component C14 Cap
Added Member To Class: ClassName=Controle Moteurs Member=Component C15 Cap
Added Member To Class: ClassName=Controle Moteurs Member=Component C16 Cap
Added Member To Class: ClassName=Controle Moteurs Member=Component C17 Cap
Added Member To Class: ClassName=Controle Moteurs Member=Component C18 Cap
Added Member To Class: ClassName=Controle Moteurs Member=Component C19 Cap
Added Member To Class: ClassName=Controle Moteurs Member=Component C20 Cap2
Added Member To Class: ClassName=Controle Moteurs Member=Component C21 Cap2
Added Member To Class: ClassName=Microcontroleur Member=Component C22 Cap2
Added Member To Class: ClassName=Microcontroleur Member=Component C23 Cap
Added Member To Class: ClassName=Alimentations Member=Component D1 LED
Added Member To Class: ClassName=Alimentations Member=Component D2 LED
Added Member To Class: ClassName=Controle Moteurs Member=Component D3 LED
Added Member To Class: ClassName=Controle Moteurs Member=Component D4 LED
Added Member To Class: ClassName=Controle Moteurs Member=Component D5 LED
Added Member To Class: ClassName=Controle Moteurs Member=Component D6 LED
Added Member To Class: ClassName=Controle Moteurs Member=Component J1 LV8772
Added Member To Class: ClassName=Controle Moteurs Member=Component J2 LV8772
Added Member To Class: ClassName=Alimentations Member=Component P1 Connecteur Batterie
Added Member To Class: ClassName=Connecteurs Member=Component P2 Servo
Added Member To Class: ClassName=Connecteurs Member=Component P3 Bouton Levier
Added Member To Class: ClassName=Connecteurs Member=Component P4 Jumper
Added Member To Class: ClassName=Connecteurs Member=Component P5 UART2
Added Member To Class: ClassName=Connecteurs Member=Component P6 Bouton Levier
Added Member To Class: ClassName=Connecteurs Member=Component P7 Jumper
Added Member To Class: ClassName=Connecteurs Member=Component P8 Servo
Added Member To Class: ClassName=Connecteurs Member=Component P9 Bouton Levier
Added Member To Class: ClassName=Connecteurs Member=Component P10 Connecteur Odroid
Added Member To Class: ClassName=Connecteurs Member=Component P11 Bouton Levier
Added Member To Class: ClassName=Connecteurs Member=Component P12 Jumper
Added Member To Class: ClassName=Connecteurs Member=Component P13 Servo
Added Member To Class: ClassName=Connecteurs Member=Component P14 Programmation
Added Member To Class: ClassName=Connecteurs Member=Component P15 Jumper
Added Member To Class: ClassName=Connecteurs Member=Component P16 Servo
Added Member To Class: ClassName=Connecteurs Member=Component P17 Moteur Axe Z
Added Member To Class: ClassName=Connecteurs Member=Component P18 Moteur1 Axe X
Added Member To Class: ClassName=Connecteurs Member=Component P19 Jumper
Added Member To Class: ClassName=Connecteurs Member=Component P20 Moteur2 Axe X
Added Member To Class: ClassName=Connecteurs Member=Component Q1 BSS138
Added Member To Class: ClassName=Connecteurs Member=Component Q2 BSS138
Added Member To Class: ClassName=Alimentations Member=Component R1 Res*
Added Member To Class: ClassName=Alimentations Member=Component R2 Res*
Added Member To Class: ClassName=Alimentations Member=Component R3 Res*
Added Member To Class: ClassName=Connecteurs Member=Component R4 Res*
Added Member To Class: ClassName=Connecteurs Member=Component R5 Res*
Added Member To Class: ClassName=Connecteurs Member=Component R6 Res*
Added Member To Class: ClassName=Connecteurs Member=Component R7 Res*
Added Member To Class: ClassName=Controle Moteurs Member=Component R8 Res*
Added Member To Class: ClassName=Controle Moteurs Member=Component R9 Res*
Added Member To Class: ClassName=Controle Moteurs Member=Component R10 Res*
Added Member To Class: ClassName=Controle Moteurs Member=Component R11 Res*
Added Member To Class: ClassName=Controle Moteurs Member=Component R12 Res*
Added Member To Class: ClassName=Controle Moteurs Member=Component R13 Res*
Added Member To Class: ClassName=Controle Moteurs Member=Component R14 Res*
Added Member To Class: ClassName=Controle Moteurs Member=Component R15 Res*
Added Member To Class: ClassName=Controle Moteurs Member=Component R16 Res*
Added Member To Class: ClassName=Controle Moteurs Member=Component R17 Res*
Added Member To Class: ClassName=Controle Moteurs Member=Component R18 Res*
Added Member To Class: ClassName=Controle Moteurs Member=Component R19 Res*
Added Member To Class: ClassName=Controle Moteurs Member=Component R20 Res*
Added Member To Class: ClassName=Controle Moteurs Member=Component R21 Res*
Added Member To Class: ClassName=Microcontroleur Member=Component R22 Res1
Added Member To Class: ClassName=Microcontroleur Member=Component R23 Res1
Added Member To Class: ClassName=Microcontroleur Member=Component R24 Res1
Added Member To Class: ClassName=Microcontroleur Member=Component R25 Res1
Added Member To Class: ClassName=Microcontroleur Member=Component R26 Res1
Added Member To Class: ClassName=Microcontroleur Member=Component R27 Res1
Added Member To Class: ClassName=Microcontroleur Member=Component S1 Reset
Added Member To Class: ClassName=Alimentations Member=Component U1 PTN78020W
Added Member To Class: ClassName=Controle Moteurs Member=Component U3 SN74HC595N
Added Member To Class: ClassName=Microcontroleur Member=Component U4 DSPIC33FJ128MC804-I/PT
Added Room: Name=Alimentations
Added Room: Name=Connecteurs
Added Room: Name=Controle Moteurs
Added Room: Name=Microcontroleur
