Change Component Designator: OldDesignator=J1 NewDesignator=J5
Change Component Designator: OldDesignator=J2 NewDesignator=J6
Change Component Designator: OldDesignator=U3 NewDesignator=U2
Change Component Designator: OldDesignator=U4 NewDesignator=U3
Added Component: Designator=J1(PIN1)
Added Component: Designator=J2(PIN1)
Added Component: Designator=J3(PIN1)
Added Component: Designator=J4(PIN1)
Added Pin To Net: NetName=12V Pin=J1-1
Added Pin To Net: NetName=5V_MOTEURS Pin=J2-1
Added Pin To Net: NetName=GND Pin=J3-1
Added Pin To Net: NetName=GND Pin=J4-1
Change Net Name : Old Net Name=NetJ1_3 New Net Name=NetJ5_3
Change Net Name : Old Net Name=NetJ1_6 New Net Name=NetJ5_6
Change Net Name : Old Net Name=NetJ1_7 New Net Name=NetJ5_7
Change Net Name : Old Net Name=NetJ1_8 New Net Name=NetJ5_8
Change Net Name : Old Net Name=NetJ1_9 New Net Name=NetJ5_9
Change Net Name : Old Net Name=NetJ1_12 New Net Name=NetJ5_12
Change Net Name : Old Net Name=NetJ1_14 New Net Name=NetJ5_14
Change Net Name : Old Net Name=NetJ1_18 New Net Name=NetJ5_18
Change Net Name : Old Net Name=NetJ1_19 New Net Name=NetJ5_19
Change Net Name : Old Net Name=NetJ1_24 New Net Name=NetJ5_24
Change Net Name : Old Net Name=NetJ1_25 New Net Name=NetJ5_25
Change Net Name : Old Net Name=NetJ2_3 New Net Name=NetJ6_3
Change Net Name : Old Net Name=NetJ2_6 New Net Name=NetJ6_6
Change Net Name : Old Net Name=NetJ2_7 New Net Name=NetJ6_7
Change Net Name : Old Net Name=NetJ2_8 New Net Name=NetJ6_8
Change Net Name : Old Net Name=NetJ2_9 New Net Name=NetJ6_9
Change Net Name : Old Net Name=NetJ2_12 New Net Name=NetJ6_12
Change Net Name : Old Net Name=NetJ2_18 New Net Name=NetJ6_18
Change Net Name : Old Net Name=NetJ2_19 New Net Name=NetJ6_19
Change Net Name : Old Net Name=NetJ2_24 New Net Name=NetJ6_24
Change Net Name : Old Net Name=NetJ2_25 New Net Name=NetJ6_25
Change Net Name : Old Net Name=NetU3_11 New Net Name=NetU2_11
Change Net Name : Old Net Name=NetU3_12 New Net Name=NetU2_12
Added Member To Class: ClassName=Alimentations Member=Component J1 Socket
Added Member To Class: ClassName=Alimentations Member=Component J2 Socket
Added Member To Class: ClassName=Alimentations Member=Component J3 Socket
Added Member To Class: ClassName=Alimentations Member=Component J4 Socket
Added Room: Name=Alimentations
Added Room: Name=Connecteurs
Added Room: Name=Controle Moteurs
Added Room: Name=Microcontroleur
