Removed Pin From Net: NetName=5V_ODROID Pin=PROG-2
Added Pin To Net: NetName=5V_SWITCH Pin=PROG-2
Change Net Name : Old Net Name=NetC1_1 New Net Name=NetBatt_2
Change Net Name : Old Net Name=NetJ5_18 New Net Name=NetdsPic_9
Change Net Name : Old Net Name=NetJ5_19 New Net Name=NetdsPic_10
Change Net Name : Old Net Name=NetJ6_18 New Net Name=NetdsPic_2
Change Net Name : Old Net Name=NetJ6_19 New Net Name=NetdsPic_3
Change Net Name : Old Net Name=NetP2_2 New Net Name=NetBT1_2
Change Net Name : Old Net Name=NetP3_2 New Net Name=NetdsPic_7
Change Net Name : Old Net Name=NetP3_3 New Net Name=NetdsPic_11
Change Net Name : Old Net Name=NetP4_2 New Net Name=NetBT2_2
Change Net Name : Old Net Name=NetP5_2 New Net Name=NetBT3_2
Change Net Name : Old Net Name=NetP7_2 New Net Name=NetBT4_2
Change Net Name : Old Net Name=NetP8_1 New Net Name=NetdsPic_1
Change Net Name : Old Net Name=NetP8_4 New Net Name=NetdsPic_4
Change Net Name : Old Net Name=NetP8_5 New Net Name=NetdsPic_5
Change Net Name : Old Net Name=NetPWM1_1 New Net Name=NetdsPic_18
Change Net Name : Old Net Name=NetPWM2_1 New Net Name=NetdsPic_22
Change Net Name : Old Net Name=NetPWM3_1 New Net Name=NetdsPic_24
Change Net Name : Old Net Name=NetPWM4_1 New Net Name=NetdsPic_26
Change Net Name : Old Net Name=NetQ1_1 New Net Name=NetdsPic_15
Change Net Name : Old Net Name=NetQ2_1 New Net Name=NetdsPic_6
Change Net Name : Old Net Name=NetU2_11 New Net Name=NetdsPic_25
Change Net Name : Old Net Name=NetU2_12 New Net Name=NetdsPic_12
Change Net Name : Old Net Name=NetU2_14 New Net Name=NetdsPic_14
Added Room: Name=Alimentations
Added Room: Name=Connecteurs
Added Room: Name=Controle Moteurs
Added Room: Name=Microcontroleur
