Removed Pin From Net: NetName=5V_SWITCH Pin=P4-1
Removed Pin From Net: NetName=NetJ6_24 Pin=P4-2
Removed Pin From Net: NetName=GND Pin=P4-3
Removed Pin From Net: NetName=5V_SWITCH Pin=P7-1
Removed Pin From Net: NetName=NetJ6_25 Pin=P7-2
Removed Pin From Net: NetName=GND Pin=P7-3
Removed Pin From Net: NetName=5V_SWITCH Pin=P12-1
Removed Pin From Net: NetName=NetJ5_24 Pin=P12-2
Removed Pin From Net: NetName=GND Pin=P12-3
Removed Pin From Net: NetName=5V_SWITCH Pin=P15-1
Removed Pin From Net: NetName=NetJ5_25 Pin=P15-2
Removed Pin From Net: NetName=GND Pin=P15-3
Removed Member From Class: ClassName=Connecteurs Member=P4
Removed Member From Class: ClassName=Connecteurs Member=P7
Removed Member From Class: ClassName=Connecteurs Member=P12
Removed Member From Class: ClassName=Connecteurs Member=P15
Added Component: Designator=P?(Interrupteur coulissant)
Added Pin To Net: NetName=GND Pin=P?-1
Added Pin To Net: NetName=GND Pin=P?-2
Added Pin To Net: NetName=GND Pin=P?-3
Added Pin To Net: NetName=GND Pin=P?-4
Added Pin To Net: NetName=NetJ6_24 Pin=P?-5
Added Pin To Net: NetName=NetJ6_25 Pin=P?-6
Added Pin To Net: NetName=NetJ5_24 Pin=P?-7
Added Pin To Net: NetName=NetJ5_25 Pin=P?-8
Added Member To Class: ClassName=Connecteurs Member=Component P? Header 4X2A
Added Room: Name=Alimentations
Added Room: Name=Connecteurs
Added Room: Name=Controle Moteurs
Added Room: Name=Microcontroleur
