Removed Pin From Net: NetName=5V_SWITCH Pin=R27-1
Removed Member From Class: ClassName=Microcontroleur Member=R30
Change Component Designator: OldDesignator=MOTEUR1_X NewDesignator=MOTEUR1
Change Component Designator: OldDesignator=MOTEUR2_X NewDesignator=MOTEUR2
Change Component Designator: OldDesignator=MOTEUR_Z NewDesignator=MOTEUR_Z1
Change Component Designator: OldDesignator=P3 NewDesignator=P2
Change Component Designator: OldDesignator=P5 NewDesignator=P3
Change Component Designator: OldDesignator=P6 NewDesignator=P4
Change Component Designator: OldDesignator=P9 NewDesignator=P5
Change Component Designator: OldDesignator=P10 NewDesignator=P6
Change Component Designator: OldDesignator=P11 NewDesignator=P7
Change Component Designator: OldDesignator=P14 NewDesignator=P8
Change Component Designator: OldDesignator=P19 NewDesignator=P10
Change Component Designator: OldDesignator=P? NewDesignator=P9
Change Component Designator: OldDesignator=PWM1_1 NewDesignator=PWM4
Change Component Designator: OldDesignator=PWM1_2 NewDesignator=PWM3
Change Component Designator: OldDesignator=PWM1_3 NewDesignator=PWM2
Change Component Designator: OldDesignator=PWM2 NewDesignator=PWM1
Change Component Designator: OldDesignator=R25 NewDesignator=R22
Change Component Designator: OldDesignator=R26 NewDesignator=R23
Change Component Designator: OldDesignator=R28 NewDesignator=R25
Change Component Designator: OldDesignator=R29 NewDesignator=R26
Change Component Designator: OldDesignator=R30 NewDesignator=R27
Change Component Designator: OldDesignator=U? NewDesignator=U3
Added Component: Designator=R24(0805)
Added Pin To Net: NetName=5V_SWITCH Pin=R24-1
Change Net Name : Old Net Name=NetP5_2 New Net Name=NetP3_2
Change Net Name : Old Net Name=NetP5_3 New Net Name=NetP3_3
Change Net Name : Old Net Name=NetP6_2 New Net Name=NetP4_2
Change Net Name : Old Net Name=NetP9_2 New Net Name=NetP5_2
Change Net Name : Old Net Name=NetP11_2 New Net Name=NetP7_2
Change Net Name : Old Net Name=NetP14_1 New Net Name=NetP8_1
Change Net Name : Old Net Name=NetP14_4 New Net Name=NetP8_4
Change Net Name : Old Net Name=NetP14_5 New Net Name=NetP8_5
Change Net Name : Old Net Name=NetPWM1_1_1 New Net Name=NetPWM4_1
Change Net Name : Old Net Name=NetPWM1_2_1 New Net Name=NetPWM3_1
Change Net Name : Old Net Name=NetPWM1_3_1 New Net Name=NetPWM2_1
Change Net Name : Old Net Name=NetPWM2_1 New Net Name=NetPWM1_1
Change Net Name : Old Net Name=NetR25_1 New Net Name=NetR22_1
Added Pin To Net: NetName=NetP2_2 Pin=P2-2
Added Pin To Net: NetName=NetP2_2 Pin=R24-2
Added Pin To Net: NetName=NetP2_2 Pin=U3-16
Added Net: Name=NetP2_2
Added Member To Class: ClassName=Microcontroleur Member=Component R24 Res1
Added Room: Name=Alimentations
Added Room: Name=Connecteurs
Added Room: Name=Controle Moteurs
Added Room: Name=Microcontroleur
